<?xml version="1.0" encoding="UTF-8"?>
<!-- Generated by org.testng.reporters.JUnitXMLReporter -->
<testsuite ignored="0" hostname="LAPTOP-G0BF4AFQ" failures="0" tests="4" name="Default test" time="12.566" errors="0" timestamp="2023-03-27T16:25:56 IST">
  <testcase classname="api.test.UserTests" name="testPostUser" time="4.711"/>
  <testcase classname="api.test.UserTests" name="testGetUserByNmae" time="1.809"/>
  <testcase classname="api.test.UserTests" name="testUpdateUserByName" time="3.185"/>
  <testcase classname="api.test.UserTests" name="testDeleteUserByName" time="1.594"/>
</testsuite> <!-- Default test -->
