<?xml version="1.0" encoding="UTF-8"?>
<testng-results ignored="0" total="4" passed="4" failed="0" skipped="0">
  <reporter-output>
  </reporter-output>
  <suite started-at="2023-03-27T16:32:06 IST" name="PetSuite" finished-at="2023-03-27T16:32:19 IST" duration-ms="13104">
    <groups>
    </groups>
    <test started-at="2023-03-27T16:32:06 IST" name="PetTest" finished-at="2023-03-27T16:32:19 IST" duration-ms="13104">
      <class name="api.test.UserTests2">
        <test-method is-config="true" signature="setupData()[pri:0, instance:api.test.UserTests2@cb0755b]" started-at="2023-03-27T16:32:06 IST" name="setupData" finished-at="2023-03-27T16:32:08 IST" duration-ms="1172" status="PASS">
          <reporter-output>
          </reporter-output>
        </test-method> <!-- setupData -->
        <test-method signature="testPostUser()[pri:1, instance:api.test.UserTests2@cb0755b]" started-at="2023-03-27T16:32:08 IST" name="testPostUser" finished-at="2023-03-27T16:32:13 IST" duration-ms="4836" status="PASS">
          <reporter-output>
          </reporter-output>
        </test-method> <!-- testPostUser -->
        <test-method signature="testGetUserByNmae()[pri:2, instance:api.test.UserTests2@cb0755b]" started-at="2023-03-27T16:32:13 IST" name="testGetUserByNmae" finished-at="2023-03-27T16:32:14 IST" duration-ms="1783" status="PASS">
          <reporter-output>
          </reporter-output>
        </test-method> <!-- testGetUserByNmae -->
        <test-method signature="testUpdateUserByName()[pri:3, instance:api.test.UserTests2@cb0755b]" started-at="2023-03-27T16:32:14 IST" name="testUpdateUserByName" finished-at="2023-03-27T16:32:17 IST" duration-ms="3125" status="PASS">
          <reporter-output>
          </reporter-output>
        </test-method> <!-- testUpdateUserByName -->
        <test-method signature="testDeleteUserByName()[pri:4, instance:api.test.UserTests2@cb0755b]" started-at="2023-03-27T16:32:17 IST" name="testDeleteUserByName" finished-at="2023-03-27T16:32:19 IST" duration-ms="1593" status="PASS">
          <reporter-output>
          </reporter-output>
        </test-method> <!-- testDeleteUserByName -->
      </class> <!-- api.test.UserTests2 -->
    </test> <!-- PetTest -->
  </suite> <!-- PetSuite -->
</testng-results>
