<?xml version="1.0" encoding="UTF-8"?>
<!-- Generated by org.testng.reporters.JUnitXMLReporter -->
<testsuite ignored="0" hostname="LAPTOP-G0BF4AFQ" failures="4" tests="4" name="PetTest" time="1.806" errors="0" timestamp="2023-03-27T17:44:17 IST">
  <testcase classname="api.test.UserTests2" name="testPostUser" time="0.011">
    <failure type="java.util.MissingResourceException" message="Can&amp;apos;t find bundle for base name routes, locale en_IN">
      <![CDATA[java.util.MissingResourceException: Can't find bundle for base name routes, locale en_IN
at java.base/java.util.ResourceBundle.throwMissingResourceException(ResourceBundle.java:2055)
at java.base/java.util.ResourceBundle.getBundleImpl(ResourceBundle.java:1689)
at java.base/java.util.ResourceBundle.getBundleImpl(ResourceBundle.java:1593)
at java.base/java.util.ResourceBundle.getBundleImpl(ResourceBundle.java:1556)
at java.base/java.util.ResourceBundle.getBundle(ResourceBundle.java:857)
at api.endpoints.UserEndPoints2.getURL(UserEndPoints2.java:17)
at api.endpoints.UserEndPoints2.createUser(UserEndPoints2.java:22)
at api.test.UserTests2.testPostUser(UserTests2.java:41)
at java.base/java.util.ArrayList.forEach(ArrayList.java:1541)
... Removed 31 stack frames]]>
    </failure>
  </testcase> <!-- testPostUser -->
  <testcase classname="api.test.UserTests2" name="testGetUserByNmae" time="0.0">
    <failure type="java.util.MissingResourceException" message="Can&amp;apos;t find bundle for base name routes, locale en_IN">
      <![CDATA[java.util.MissingResourceException: Can't find bundle for base name routes, locale en_IN
at java.base/java.util.ResourceBundle.throwMissingResourceException(ResourceBundle.java:2055)
at java.base/java.util.ResourceBundle.getBundleImpl(ResourceBundle.java:1689)
at java.base/java.util.ResourceBundle.getBundleImpl(ResourceBundle.java:1593)
at java.base/java.util.ResourceBundle.getBundleImpl(ResourceBundle.java:1556)
at java.base/java.util.ResourceBundle.getBundle(ResourceBundle.java:857)
at api.endpoints.UserEndPoints2.getURL(UserEndPoints2.java:17)
at api.endpoints.UserEndPoints2.readUser(UserEndPoints2.java:35)
at api.test.UserTests2.testGetUserByNmae(UserTests2.java:51)
at java.base/java.util.ArrayList.forEach(ArrayList.java:1541)
... Removed 31 stack frames]]>
    </failure>
  </testcase> <!-- testGetUserByNmae -->
  <testcase classname="api.test.UserTests2" name="testUpdateUserByName" time="0.005">
    <failure type="java.util.MissingResourceException" message="Can&amp;apos;t find bundle for base name routes, locale en_IN">
      <![CDATA[java.util.MissingResourceException: Can't find bundle for base name routes, locale en_IN
at java.base/java.util.ResourceBundle.throwMissingResourceException(ResourceBundle.java:2055)
at java.base/java.util.ResourceBundle.getBundleImpl(ResourceBundle.java:1689)
at java.base/java.util.ResourceBundle.getBundleImpl(ResourceBundle.java:1593)
at java.base/java.util.ResourceBundle.getBundleImpl(ResourceBundle.java:1556)
at java.base/java.util.ResourceBundle.getBundle(ResourceBundle.java:857)
at api.endpoints.UserEndPoints2.getURL(UserEndPoints2.java:17)
at api.endpoints.UserEndPoints2.updateUser(UserEndPoints2.java:45)
at api.test.UserTests2.testUpdateUserByName(UserTests2.java:65)
at java.base/java.util.ArrayList.forEach(ArrayList.java:1541)
... Removed 31 stack frames]]>
    </failure>
  </testcase> <!-- testUpdateUserByName -->
  <testcase classname="api.test.UserTests2" name="testDeleteUserByName" time="0.0">
    <failure type="java.util.MissingResourceException" message="Can&amp;apos;t find bundle for base name routes, locale en_IN">
      <![CDATA[java.util.MissingResourceException: Can't find bundle for base name routes, locale en_IN
at java.base/java.util.ResourceBundle.throwMissingResourceException(ResourceBundle.java:2055)
at java.base/java.util.ResourceBundle.getBundleImpl(ResourceBundle.java:1689)
at java.base/java.util.ResourceBundle.getBundleImpl(ResourceBundle.java:1593)
at java.base/java.util.ResourceBundle.getBundleImpl(ResourceBundle.java:1556)
at java.base/java.util.ResourceBundle.getBundle(ResourceBundle.java:857)
at api.endpoints.UserEndPoints2.getURL(UserEndPoints2.java:17)
at api.endpoints.UserEndPoints2.deleteUser(UserEndPoints2.java:58)
at api.test.UserTests2.testDeleteUserByName(UserTests2.java:78)
at java.base/java.util.ArrayList.forEach(ArrayList.java:1541)
... Removed 31 stack frames]]>
    </failure>
  </testcase> <!-- testDeleteUserByName -->
</testsuite> <!-- PetTest -->
