<?xml version="1.0" encoding="UTF-8"?>
<!-- Generated by org.testng.reporters.JUnitXMLReporter -->
<testsuite ignored="0" hostname="LAPTOP-G0BF4AFQ" failures="0" tests="4" name="PetTest" time="13.104" errors="0" timestamp="2023-03-27T16:32:20 IST">
  <testcase classname="api.test.UserTests2" name="testPostUser" time="4.836"/>
  <testcase classname="api.test.UserTests2" name="testGetUserByNmae" time="1.783"/>
  <testcase classname="api.test.UserTests2" name="testUpdateUserByName" time="3.125"/>
  <testcase classname="api.test.UserTests2" name="testDeleteUserByName" time="1.593"/>
</testsuite> <!-- PetTest -->
